Arguments: 
  /usr/local/bin/node /usr/local/bin/yarn version

PATH: 
  /Users/karuna/.rvm/gems/ruby-2.7.0/bin:/Users/karuna/.rvm/gems/ruby-2.7.0@global/bin:/Users/karuna/.rvm/rubies/ruby-2.7.0/bin:/Users/karuna/.rvm/bin:/usr/local/bin:/usr/bin:/bin:/usr/sbin:/sbin:/usr/local/go/bin

Yarn version: 
  1.1.0

Node version: 
  8.9.4

Platform: 
  darwin x64

npm manifest: 
  {
    "name": "react-webpack-rails-tutorial",
    "version": "0.0.1",
    "private": true,
    "engines": {
      "node": "6.9.0",
      "npm": "4.1.1"
    },
    "scripts": {
      "postinstall": "cd client && yarn install",
      "rails-server": "echo 'visit http://localhost:3000/hello_world' && foreman start -f Procfile.dev",
      "test": "rspec"
    }
  }

yarn manifest: 
  No manifest

Lockfile: 
  # THIS IS AN AUTOGENERATED FILE. DO NOT EDIT THIS FILE DIRECTLY.
  # yarn lockfile v1

Trace: 
  Error: canceled
      at Interface.<anonymous> (/usr/local/lib/node_modules/yarn/lib/cli.js:119877:13)
      at emitNone (events.js:106:13)
      at Interface.emit (events.js:208:7)
      at Interface._ttyWrite (readline.js:775:16)
      at ReadStream.onkeypress (readline.js:160:10)
      at emitTwo (events.js:126:13)
      at ReadStream.emit (events.js:214:7)
      at emitKeys (internal/readline.js:420:14)
      at emitKeys.next (<anonymous>)
      at ReadStream.onData (readline.js:1011:36)
